<?xml version="1.0" encoding="UTF-8"?>
<testsuite xmlns:xsi="http://www.w3.org/2001/XMLSchema-instance" xsi:noNamespaceSchemaLocation="https://maven.apache.org/surefire/maven-surefire-plugin/xsd/surefire-test-report.xsd" version="3.0.2" name="es.udc.paproject.backend.test.model.services.CatalogServiceTest" time="13.762" tests="4" errors="0" skipped="0" failures="0">
  <properties>
[...]
</properties>
  <testcase name="testFindMovieByIdWithNonExistentId" classname="es.udc.paproject.backend.test.model.services.CatalogServiceTest" time="0.945">
    <system-out><![CDATA[17:04:08.789 [main] INFO org.springframework.test.context.support.AnnotationConfigContextLoaderUtils -- Could not detect default configuration classes for test class [es.udc.paproject.backend.test.model.services.CatalogServiceTest]: CatalogServiceTest does not declare any static, non-private, non-final, nested classes annotated with @Configuration.
17:04:08.985 [main] INFO org.springframework.boot.test.context.SpringBootTestContextBootstrapper -- Found @SpringBootConfiguration es.udc.paproject.backend.Application for test class es.udc.paproject.backend.test.model.services.CatalogServiceTest
17:04:09.266 [main] INFO org.springframework.boot.devtools.restart.RestartApplicationListener -- Restart disabled due to context in which it is running

  .   ____          _            __ _ _
 /\\ / ___'_ __ _ _(_)_ __  __ _ \ \ \ \
( ( )\___ | '_ | '_| | '_ \/ _` | \ \ \ \
 \\/  ___)| |_)| | | | | || (_| |  ) ) ) )
  '  |____| .__|_| |_|_| |_\__, | / / / /
 =========|_|==============|___/=/_/_/_/

 :: Spring Boot ::                (v3.3.8)

2026-05-16T17:04:10.024+02:00  INFO 16896 --- [           main] e.u.p.b.t.m.services.CatalogServiceTest  : Starting CatalogServiceTest using Java 21.0.8 with PID 16896 (started by pablo in C:\Users\pablo\Documents\FIC\Tercero\Cuatri 2\PA\pa-15\backend)
2026-05-16T17:04:10.028+02:00  INFO 16896 --- [           main] e.u.p.b.t.m.services.CatalogServiceTest  : The following 1 profile is active: "test"
2026-05-16T17:04:12.128+02:00  INFO 16896 --- [           main] .s.d.r.c.RepositoryConfigurationDelegate : Bootstrapping Spring Data JPA repositories in DEFAULT mode.
2026-05-16T17:04:12.397+02:00  INFO 16896 --- [           main] .s.d.r.c.RepositoryConfigurationDelegate : Finished Spring Data repository scanning in 236 ms. Found 5 JPA repository interfaces.
2026-05-16T17:04:14.078+02:00  INFO 16896 --- [           main] o.hibernate.jpa.internal.util.LogHelper  : HHH000204: Processing PersistenceUnitInfo [name: default]
2026-05-16T17:04:14.364+02:00  INFO 16896 --- [           main] org.hibernate.Version                    : HHH000412: Hibernate ORM core version 6.5.3.Final
2026-05-16T17:04:14.457+02:00  INFO 16896 --- [           main] o.h.c.internal.RegionFactoryInitiator    : HHH000026: Second-level cache disabled
2026-05-16T17:04:15.090+02:00  INFO 16896 --- [           main] o.s.o.j.p.SpringPersistenceUnitInfo      : No LoadTimeWeaver setup: ignoring JPA class transformer
2026-05-16T17:04:15.218+02:00  INFO 16896 --- [           main] com.zaxxer.hikari.HikariDataSource       : HikariPool-1 - Starting...
2026-05-16T17:04:15.518+02:00  INFO 16896 --- [           main] com.zaxxer.hikari.pool.HikariPool        : HikariPool-1 - Added connection com.mysql.cj.jdbc.ConnectionImpl@1c00a9f0
2026-05-16T17:04:15.522+02:00  INFO 16896 --- [           main] com.zaxxer.hikari.HikariDataSource       : HikariPool-1 - Start completed.
2026-05-16T17:04:17.628+02:00  INFO 16896 --- [           main] o.h.e.t.j.p.i.JtaPlatformInitiator       : HHH000489: No JTA platform available (set 'hibernate.transaction.jta.platform' to enable JTA platform integration)
2026-05-16T17:04:17.643+02:00  INFO 16896 --- [           main] j.LocalContainerEntityManagerFactoryBean : Initialized JPA EntityManagerFactory for persistence unit 'default'
2026-05-16T17:04:18.928+02:00  WARN 16896 --- [           main] JpaBaseConfiguration$JpaWebConfiguration : spring.jpa.open-in-view is enabled by default. Therefore, database queries may be performed during view rendering. Explicitly configure spring.jpa.open-in-view to disable this warning
2026-05-16T17:04:19.004+02:00  WARN 16896 --- [           main] .s.s.UserDetailsServiceAutoConfiguration : 

Using generated security password: 37c435ac-d6f5-45f2-93c4-e9ee64913593

This generated password is for development use only. Your security configuration must be updated before running your application in production.

2026-05-16T17:04:19.043+02:00  INFO 16896 --- [           main] r$InitializeUserDetailsManagerConfigurer : Global AuthenticationManager configured with UserDetailsService bean with name inMemoryUserDetailsManager
2026-05-16T17:04:21.098+02:00  INFO 16896 --- [           main] e.u.p.b.t.m.services.CatalogServiceTest  : Started CatalogServiceTest in 11.818 seconds (process running for 21.089)
2026-05-16T17:04:22.043+02:00 DEBUG 16896 --- [           main] org.hibernate.SQL                        : 
    select
        m1_0.id,
        m1_0.duration,
        m1_0.resume,
        m1_0.title 
    from
        Movie m1_0 
    where
        m1_0.id=?
]]></system-out>
    <system-err><![CDATA[WARNING: A Java agent has been loaded dynamically (C:\Users\pablo\.m2\repository\net\bytebuddy\byte-buddy-agent\1.14.19\byte-buddy-agent-1.14.19.jar)
WARNING: If a serviceability tool is in use, please run with -XX:+EnableDynamicAgentLoading to hide this warning
WARNING: If a serviceability tool is not in use, please run with -Djdk.instrument.traceUsage for more information
WARNING: Dynamic loading of agents will be disallowed by default in a future release
]]></system-err>
  </testcase>
  <testcase name="testFindSessionByIdWhenMovieAlreadyStarted" classname="es.udc.paproject.backend.test.model.services.CatalogServiceTest" time="0.096">
    <system-out><![CDATA[2026-05-16T17:04:22.132+02:00 DEBUG 16896 --- [           main] org.hibernate.SQL                        : 
    insert 
    into
        Movie
        (duration, resume, title) 
    values
        (?, ?, ?)
2026-05-16T17:04:22.160+02:00 DEBUG 16896 --- [           main] org.hibernate.SQL                        : 
    insert 
    into
        Room
        (capacity, name) 
    values
        (?, ?)
2026-05-16T17:04:22.168+02:00 DEBUG 16896 --- [           main] org.hibernate.SQL                        : 
    insert 
    into
        Session
        (date, localitiesLeft, movieId, price, roomId, version) 
    values
        (?, ?, ?, ?, ?, ?)
]]></system-out>
  </testcase>
  <testcase name="testFindMovieById" classname="es.udc.paproject.backend.test.model.services.CatalogServiceTest" time="0.017">
    <system-out><![CDATA[2026-05-16T17:04:22.193+02:00 DEBUG 16896 --- [           main] org.hibernate.SQL                        : 
    insert 
    into
        Movie
        (duration, resume, title) 
    values
        (?, ?, ?)
]]></system-out>
  </testcase>
  <testcase name="testFindSessionById" classname="es.udc.paproject.backend.test.model.services.CatalogServiceTest" time="0.024">
    <system-out><![CDATA[2026-05-16T17:04:22.214+02:00 DEBUG 16896 --- [           main] org.hibernate.SQL                        : 
    insert 
    into
        Movie
        (duration, resume, title) 
    values
        (?, ?, ?)
2026-05-16T17:04:22.218+02:00 DEBUG 16896 --- [           main] org.hibernate.SQL                        : 
    insert 
    into
        Room
        (capacity, name) 
    values
        (?, ?)
2026-05-16T17:04:22.223+02:00 DEBUG 16896 --- [           main] org.hibernate.SQL                        : 
    insert 
    into
        Session
        (date, localitiesLeft, movieId, price, roomId, version) 
    values
        (?, ?, ?, ?, ?, ?)
]]></system-out>
  </testcase>
</testsuite>