<?xml version="1.0" encoding="UTF-8"?>
<testsuite xmlns:xsi="http://www.w3.org/2001/XMLSchema-instance" xsi:noNamespaceSchemaLocation="https://maven.apache.org/surefire/maven-surefire-plugin/xsd/surefire-test-report-3.0.xsd" version="3.0" name="es.udc.paproject.e2etests.AppTest" time="18.528" tests="4" errors="0" skipped="0" failures="0">
  <properties>
[...]
</properties>
  <testcase name="testDeliveringTickets" classname="es.udc.paproject.e2etests.AppTest" time="6.005">
    <system-err><![CDATA[jun 07, 2026 11:40:28 P. M. org.openqa.selenium.devtools.CdpVersionFinder findNearestMatch
ADVERTENCIA: Unable to find CDP implementation matching 148
jun 07, 2026 11:40:28 P. M. org.openqa.selenium.chromium.ChromiumDriver lambda$new$4
ADVERTENCIA: Unable to find version of CDP to use for 148.0.7778.179. You may need to include a dependency on a specific version of the CDP using something similar to `org.seleniumhq.selenium:selenium-devtools-v86:4.39.0` where the version ("v86") matches the version of the chromium-based browser you're using and the version number of the artifact is the same as Selenium's.
]]></system-err>
  </testcase>
  <testcase name="testLogin" classname="es.udc.paproject.e2etests.AppTest" time="3.243">
    <system-err><![CDATA[jun 07, 2026 11:40:33 P. M. org.openqa.selenium.devtools.CdpVersionFinder findNearestMatch
ADVERTENCIA: Unable to find CDP implementation matching 148
jun 07, 2026 11:40:33 P. M. org.openqa.selenium.chromium.ChromiumDriver lambda$new$4
ADVERTENCIA: Unable to find version of CDP to use for 148.0.7778.179. You may need to include a dependency on a specific version of the CDP using something similar to `org.seleniumhq.selenium:selenium-devtools-v86:4.39.0` where the version ("v86") matches the version of the chromium-based browser you're using and the version number of the artifact is the same as Selenium's.
]]></system-err>
  </testcase>
  <testcase name="testBuyTickets" classname="es.udc.paproject.e2etests.AppTest" time="4.94">
    <system-err><![CDATA[jun 07, 2026 11:40:36 P. M. org.openqa.selenium.devtools.CdpVersionFinder findNearestMatch
ADVERTENCIA: Unable to find CDP implementation matching 148
jun 07, 2026 11:40:36 P. M. org.openqa.selenium.chromium.ChromiumDriver lambda$new$4
ADVERTENCIA: Unable to find version of CDP to use for 148.0.7778.179. You may need to include a dependency on a specific version of the CDP using something similar to `org.seleniumhq.selenium:selenium-devtools-v86:4.39.0` where the version ("v86") matches the version of the chromium-based browser you're using and the version number of the artifact is the same as Selenium's.
]]></system-err>
  </testcase>
  <testcase name="testSessionDetails" classname="es.udc.paproject.e2etests.AppTest" time="4.282">
    <system-err><![CDATA[jun 07, 2026 11:40:41 P. M. org.openqa.selenium.devtools.CdpVersionFinder findNearestMatch
ADVERTENCIA: Unable to find CDP implementation matching 148
jun 07, 2026 11:40:41 P. M. org.openqa.selenium.chromium.ChromiumDriver lambda$new$4
ADVERTENCIA: Unable to find version of CDP to use for 148.0.7778.179. You may need to include a dependency on a specific version of the CDP using something similar to `org.seleniumhq.selenium:selenium-devtools-v86:4.39.0` where the version ("v86") matches the version of the chromium-based browser you're using and the version number of the artifact is the same as Selenium's.
]]></system-err>
  </testcase>
</testsuite>